<?xml version="1.0" encoding="UTF-8"?>
<!-- Generated by org.testng.reporters.JUnitReportReporter -->
<testsuite hostname="DESKTOP-F0LG1DD" failures="0" tests="3" name="com.CRM.Vtiger.Practice.FetchDataFromDataProvider" time="0.019" errors="0" timestamp="2023-07-28T14:49:13 IST" skipped="0">
  <testcase classname="com.CRM.Vtiger.Practice.FetchDataFromDataProvider" name="getData" time="0.012"/>
  <system-out/>
  <testcase classname="com.CRM.Vtiger.Practice.FetchDataFromDataProvider" name="getData" time="0.005"/>
  <system-out/>
  <testcase classname="com.CRM.Vtiger.Practice.FetchDataFromDataProvider" name="getData" time="0.002"/>
  <system-out/>
</testsuite> <!-- com.CRM.Vtiger.Practice.FetchDataFromDataProvider -->
