<?xml version="1.0" encoding="UTF-8"?>
<!-- Generated by org.testng.reporters.JUnitReportReporter -->
<testsuite hostname="DESKTOP-F0LG1DD" failures="0" tests="3" name="com.CRM.Vtiger.Practice.DataProvider_Practice" time="0.022" errors="0" timestamp="2023-07-28T14:27:30 IST" skipped="0">
  <testcase classname="com.CRM.Vtiger.Practice.DataProvider_Practice" name="getdata" time="0.004"/>
  <system-out/>
  <testcase classname="com.CRM.Vtiger.Practice.DataProvider_Practice" name="getdata" time="0.003"/>
  <system-out/>
  <testcase classname="com.CRM.Vtiger.Practice.DataProvider_Practice" name="getdata" time="0.015"/>
  <system-out/>
</testsuite> <!-- com.CRM.Vtiger.Practice.DataProvider_Practice -->
