<?xml version="1.0" encoding="UTF-8"?>
<!-- Generated by org.testng.reporters.JUnitReportReporter -->
<testsuite hostname="DESKTOP-F0LG1DD" failures="0" tests="1" name="com.CRM.Vtiger.contactsTest.VerifyContactLastName" time="64.115" errors="0" timestamp="2023-08-04T13:47:41 IST" skipped="0">
  <testcase classname="com.CRM.Vtiger.contactsTest.VerifyContactLastName" name="contactTest" time="64.115"/>
</testsuite> <!-- com.CRM.Vtiger.contactsTest.VerifyContactLastName -->
