<?xml version="1.0" encoding="UTF-8"?>
<!-- Generated by org.testng.reporters.JUnitReportReporter -->
<testsuite hostname="DESKTOP-F0LG1DD" failures="0" tests="1" name="com.CRM.Vtiger.contactsTest.VerifyContactLastNameTest" time="19.825" errors="0" timestamp="2023-08-07T16:42:25 IST" skipped="0">
  <testcase classname="com.CRM.Vtiger.contactsTest.VerifyContactLastNameTest" name="contactTest" time="19.825"/>
</testsuite> <!-- com.CRM.Vtiger.contactsTest.VerifyContactLastNameTest -->
