<?xml version="1.0" encoding="UTF-8"?>
<!-- Generated by org.testng.reporters.JUnitReportReporter -->
<testsuite hostname="DESKTOP-F0LG1DD" failures="0" tests="5" name="com.CRM.Vtiger.organisationTest.VerifyOrganizationNameTest" time="145.358" errors="0" timestamp="2023-08-04T19:13:00 IST" skipped="0">
  <testcase classname="com.CRM.Vtiger.organisationTest.VerifyOrganizationNameTest" name="create" time="25.365"/>
  <testcase classname="com.CRM.Vtiger.organisationTest.VerifyOrganizationNameTest" name="create" time="31.095"/>
  <testcase classname="com.CRM.Vtiger.organisationTest.VerifyOrganizationNameTest" name="create" time="26.962"/>
  <testcase classname="com.CRM.Vtiger.organisationTest.VerifyOrganizationNameTest" name="demo" time="6.693"/>
  <testcase classname="com.CRM.Vtiger.organisationTest.VerifyOrganizationNameTest" name="create" time="55.243"/>
</testsuite> <!-- com.CRM.Vtiger.organisationTest.VerifyOrganizationNameTest -->
