<?xml version="1.0" encoding="UTF-8"?>
<!-- Generated by org.testng.reporters.JUnitReportReporter -->
<testsuite hostname="DESKTOP-F0LG1DD" failures="0" tests="3" name="DataProvider3into3" time="0.023" errors="0" timestamp="2023-07-28T14:34:23 IST" skipped="0">
  <testcase classname="DataProvider3into3" name="getdata" time="0.007"/>
  <system-out/>
  <testcase classname="DataProvider3into3" name="getdata" time="0.004"/>
  <system-out/>
  <testcase classname="DataProvider3into3" name="getdata" time="0.012"/>
  <system-out/>
</testsuite> <!-- DataProvider3into3 -->
