<?xml version="1.0" encoding="UTF-8"?>
<!-- Generated by org.testng.reporters.JUnitReportReporter -->
<testsuite hostname="DESKTOP-F0LG1DD" failures="0" tests="5" name="com.CRM.Vtiger.organisationTest.VerifyOrganizationName" time="109.727" errors="0" timestamp="2023-08-04T13:47:41 IST" skipped="0">
  <testcase classname="com.CRM.Vtiger.organisationTest.VerifyOrganizationName" name="create" time="17.286"/>
  <testcase classname="com.CRM.Vtiger.organisationTest.VerifyOrganizationName" name="demo" time="5.650"/>
  <testcase classname="com.CRM.Vtiger.organisationTest.VerifyOrganizationName" name="create" time="47.642"/>
  <testcase classname="com.CRM.Vtiger.organisationTest.VerifyOrganizationName" name="create" time="23.909"/>
  <testcase classname="com.CRM.Vtiger.organisationTest.VerifyOrganizationName" name="create" time="15.240"/>
</testsuite> <!-- com.CRM.Vtiger.organisationTest.VerifyOrganizationName -->
